2020-09-14 15:51:26,763 - root - INFO - adasd
2020-09-14 16:43:48,866 - root - INFO - adasd
2020-09-14 16:46:12,090 - root - INFO - test one start......
2020-09-14 16:46:28,530 - root - INFO - test one 百度一下，你就知道
2020-09-14 16:49:11,423 - root - INFO - test one start......
2020-09-14 16:49:32,208 - root - INFO - test one 百度一下，你就知道
2020-09-14 16:51:55,990 - root - INFO - test one start......
2020-09-14 16:52:00,911 - root - INFO - test one selenium_百度搜索
2020-09-14 16:52:35,488 - root - INFO - test ending......
2020-09-14 16:54:05,557 - root - INFO - test one start......
2020-09-14 16:54:30,082 - root - INFO - test ending......
2020-09-14 16:54:34,104 - root - INFO - test one 百度一下，你就知道
2020-09-14 17:05:56,165 - root - INFO - test one start......
2020-09-14 17:06:10,089 - root - INFO - test one 百度一下，你就知道
2020-09-14 17:06:15,093 - root - INFO - test ending......
2020-09-14 17:30:34,221 - root - INFO - ==========开始 XX项目 执行测试===========
2020-09-14 17:32:06,585 - root - INFO - ==========开始 XX项目 执行测试===========
2020-09-14 17:33:44,846 - root - INFO - ==========开始 XX项目 执行测试===========
2020-09-14 17:33:57,354 - root - INFO - ==========开始执行测试用例集===========
2020-09-14 17:33:57,359 - root - INFO - ----------------------------------------------------------------------------------<selenium.webdriver.chrome.webdriver.WebDriver (session="28a2d3e89abcec80764060faf93d7408")>
2020-09-14 17:34:05,930 - root - INFO - ==========结束执行测试用例集===========
2020-09-14 17:34:10,102 - root - INFO - ==========结束 XX项目 测试===========
2020-09-14 17:51:07,264 - root - INFO - ==========开始 XX项目 执行测试===========
2020-09-14 17:51:19,180 - root - INFO - ==========开始执行测试用例集===========
2020-09-14 17:51:19,183 - root - INFO - ----------------------------------------------------------------------------------<selenium.webdriver.chrome.webdriver.WebDriver (session="37f33c78e97635f01476be91156f0195")>
2020-09-14 17:51:25,536 - root - INFO - ==========结束执行测试用例集===========
2020-09-14 17:51:29,690 - root - INFO - ==========结束 XX项目 测试===========
2020-09-14 17:52:05,891 - root - INFO - ==========开始 XX项目 执行测试===========
2020-09-14 17:52:17,884 - root - INFO - ==========开始执行测试用例集===========
2020-09-14 17:52:17,888 - root - INFO - ----------------------------------------------------------------------------------<selenium.webdriver.chrome.webdriver.WebDriver (session="8ac5e8a18b1fe32a667d2b67816afc9e")>
2020-09-14 17:52:24,891 - root - INFO - ==========结束执行测试用例集===========
2020-09-14 17:52:29,047 - root - INFO - ==========结束 XX项目 测试===========
2020-09-14 17:52:57,783 - root - INFO - ==========开始 XX项目 执行测试===========
2020-09-14 17:53:09,794 - root - INFO - ==========开始执行测试用例集===========
2020-09-14 17:53:09,799 - root - INFO - ----------------------------------------------------------------------------------<selenium.webdriver.chrome.webdriver.WebDriver (session="a8d2321d0bfd6950157599a1df2d7c1c")>
2020-09-14 17:53:17,997 - root - INFO - ==========结束执行测试用例集===========
2020-09-14 17:53:22,150 - root - INFO - ==========结束 XX项目 测试===========
2020-09-14 17:53:56,943 - root - INFO - ==========开始 XX项目 执行测试===========
2020-09-14 17:54:09,070 - root - INFO - ==========开始执行测试用例集===========
2020-09-14 17:54:09,073 - root - INFO - ----------------------------------------------------------------------------------<selenium.webdriver.chrome.webdriver.WebDriver (session="5503d728f84b9ec80ebb977bdd579c13")>
2020-09-14 17:54:16,394 - root - INFO - ==========结束执行测试用例集===========
2020-09-14 17:54:20,545 - root - INFO - ==========结束 XX项目 测试===========
2020-09-14 17:55:12,959 - root - INFO - ==========开始 XX项目 执行测试===========
2020-09-14 17:55:25,094 - root - INFO - ==========开始执行测试用例集===========
2020-09-14 17:55:25,098 - root - INFO - ----------------------------------------------------------------------------------<selenium.webdriver.chrome.webdriver.WebDriver (session="b0a53a242fe62732e7d3d9929bec2949")>
2020-09-14 17:55:25,595 - root - INFO - ==========开始执行测试用例集===========
2020-09-14 17:55:25,599 - root - INFO - ----------------------------------------------------------------------------------<selenium.webdriver.chrome.webdriver.WebDriver (session="96d1fa2d38b39270b822810e03ae952f")>
2020-09-14 17:55:34,192 - root - INFO - ==========结束执行测试用例集===========
2020-09-14 17:55:37,553 - root - INFO - ==========结束执行测试用例集===========
2020-09-14 17:55:38,462 - root - INFO - ==========结束 XX项目 测试===========
2020-09-14 17:55:41,694 - root - INFO - ==========结束 XX项目 测试===========
2020-09-14 18:03:28,918 - root - INFO - ==========开始 XX项目 执行测试===========
2020-09-14 18:03:28,918 - root - INFO - ==========开始 XX项目 执行测试===========
2020-09-14 18:03:41,032 - root - INFO - ==========开始执行测试用例集===========
2020-09-14 18:03:41,037 - root - INFO - ----------------------------------------------------------------------------------<selenium.webdriver.chrome.webdriver.WebDriver (session="7b4332097d946b0af7736dbe888d270e")>
2020-09-14 18:03:41,414 - root - INFO - ==========开始执行测试用例集===========
2020-09-14 18:03:41,429 - root - INFO - ----------------------------------------------------------------------------------<selenium.webdriver.chrome.webdriver.WebDriver (session="c67bbe4d9e74e6d2d6de9df76648b811")>
2020-09-14 18:03:50,373 - root - INFO - ==========结束执行测试用例集===========
2020-09-14 18:03:54,063 - root - INFO - ==========结束执行测试用例集===========
2020-09-14 18:03:54,579 - root - INFO - ==========结束 XX项目 测试===========
2020-09-14 18:03:58,199 - root - INFO - ==========结束 XX项目 测试===========
2020-09-14 18:04:13,334 - root - INFO - ==========开始 XX项目 执行测试===========
2020-09-14 18:04:25,372 - root - INFO - ==========开始执行测试用例集===========
2020-09-14 18:04:25,376 - root - INFO - ----------------------------------------------------------------------------------<selenium.webdriver.chrome.webdriver.WebDriver (session="8c14657d15cf53959f5ddee8ca964c32")>
2020-09-14 18:04:37,523 - root - INFO - ==========结束执行测试用例集===========
2020-09-14 18:04:41,656 - root - INFO - ==========结束 XX项目 测试===========
2020-09-14 18:06:53,084 - root - INFO - ==========开始 XX项目 执行测试===========
2020-09-14 18:07:05,001 - root - INFO - ==========开始执行测试用例集===========
2020-09-14 18:07:05,005 - root - INFO - ----------------------------------------------------------------------------------<selenium.webdriver.chrome.webdriver.WebDriver (session="dd78dc9d1b7618d8bdd46fd09fac8eba")>
2020-09-14 18:07:14,425 - root - INFO - ==========结束执行测试用例集===========
2020-09-14 18:07:18,561 - root - INFO - ==========结束 XX项目 测试===========
2020-09-14 18:12:31,927 - root - INFO - ==========开始 XX项目 执行测试===========
2020-09-14 18:12:43,821 - root - INFO - ==========开始执行测试用例集===========
2020-09-14 18:12:43,825 - root - INFO - ----------------------------------------------------------------------------------<selenium.webdriver.chrome.webdriver.WebDriver (session="4d52be2906d2399140e0c02ac2dc6ce4")>
2020-09-14 18:12:57,902 - root - INFO - ==========结束执行测试用例集===========
2020-09-14 18:13:02,025 - root - INFO - ==========结束 XX项目 测试===========
2020-09-14 18:13:59,624 - root - INFO - ==========开始 XX项目 执行测试===========
2020-09-14 18:14:11,548 - root - INFO - ==========开始执行测试用例集===========
2020-09-14 18:14:11,551 - root - INFO - ----------------------------------------------------------------------------------<selenium.webdriver.chrome.webdriver.WebDriver (session="555a149fb012454ae9ac67bc4975eea5")>
2020-09-14 18:14:32,914 - root - INFO - ==========结束执行测试用例集===========
2020-09-14 18:14:37,066 - root - INFO - ==========结束 XX项目 测试===========
2020-09-14 18:15:08,137 - root - INFO - ==========开始 XX项目 执行测试===========
2020-09-14 18:15:20,181 - root - INFO - ==========开始执行测试用例集===========
2020-09-14 18:15:20,185 - root - INFO - ----------------------------------------------------------------------------------<selenium.webdriver.chrome.webdriver.WebDriver (session="75515b9dca2e6ca22a4c44f4b1d62a07")>
2020-09-14 18:15:40,845 - root - INFO - ==========结束执行测试用例集===========
2020-09-14 18:15:44,966 - root - INFO - ==========结束 XX项目 测试===========
2020-09-14 18:18:20,022 - root - INFO - ==========开始 XX项目 执行测试===========
2020-09-14 18:18:32,103 - root - INFO - ==========开始执行测试用例集===========
2020-09-14 18:18:32,106 - root - INFO - ----------------------------------------------------------------------------------<selenium.webdriver.chrome.webdriver.WebDriver (session="0374264cb399e8769ffb7a76c0b94509")>
2020-09-14 18:18:46,199 - root - INFO - ==========结束执行测试用例集===========
2020-09-14 18:18:50,358 - root - INFO - ==========结束 XX项目 测试===========
